Arguments: 
  /opt/nodejs/16.14.2/bin/node /opt/yarn/1.22.15/bin/yarn.js start

PATH: 
  /home/codespace/.rbenv/shims:/vscode/bin/linux-x64/e4503b30fc78200f846c62cf8091b76ff5547662/bin/remote-cli:/home/codespace/.local/bin:/home/codespace/.rbenv/shims:/opt/python/3.10.4/bin:/home/codespace/.nvm/current/bin:/home/codespace/.npm-global/bin:/home/codespace/.python/current/bin:/usr/local/sbin:/usr/local/bin:/usr/sbin:/usr/bin:/sbin:/bin:/home/codespace/.dotnet:/home/codespace/.dotnet/tools:/usr/local/sdkman/bin:/usr/local/sdkman/candidates/gradle/current/bin:/usr/local/sdkman/candidates/java/current/bin:/opt/maven/lts:/usr/local/go/bin:/go/bin:/usr/local/py-utils/bin:/opt/conda/condabin:/home/codespace/.java/current/bin:/home/codespace/.nodejs/current/bin:/home/codespace/.php/current/bin:/home/codespace/.ruby/current/bin:/home/codespace/.maven/current/bin:/home/codespace/.hugo/current/bin:/home/codespace/.local/bin:/opt/oryx:/opt/nodejs/lts/bin:/opt/dotnet/lts:/opt/python/latest/bin:/opt/php/lts/bin:/opt/php-composer:/opt/yarn/stable/bin:/opt/hugo/lts::/opt/java/lts/bin:/opt/maven/lts/bin:/opt/ruby/lts/bin:/usr/local/rvm/bin

Yarn version: 
  1.22.15

Node version: 
  16.14.2

Platform: 
  linux x64

Trace: 
  SyntaxError: /workspaces/ami-new/services/@snek-functions/origin/package.json: Unexpected token 
   in JSON at position 548
      at JSON.parse (<anonymous>)
      at /opt/yarn/1.22.15/lib/cli.js:1625:59
      at Generator.next (<anonymous>)
      at step (/opt/yarn/1.22.15/lib/cli.js:310:30)
      at /opt/yarn/1.22.15/lib/cli.js:321:13

npm manifest: 
  {
    "name": "@snek-functions/origin",
    "version": "0.0.6",
    "main": "dist/index.js",
    "type": "module",
    "description": "Generated with `snek-functions init`",
    "author": "snek-at",
    "dependencies": {
      "@snek-at/functions": "*",
      "@snek-functions/authentication": "*"
    },
    "devDependencies": {
      "nodemon": "^2.0.19",
      "serverless": "^3.19.0",
      "serverless-offline": "^9.2.6",
      "serverless-plugin-ifelse": "^1.0.7"
    },
    "scripts": {
      "start": "sf build -f . && IS_OFFLINE=true nodemon --watch dist --exec sls offline ,
      "deploy": "sls deploy",
      "postinstall": "sf install"
    },
    "sfDependencies": {
      "jsonwebtoken": "^8.5.1",
      "@types/express": "^4.17.13",
      "@types/jsonwebtoken": "^8.5.9"
    }
  }

yarn manifest: 
  No manifest

Lockfile: 
  No lockfile
